CRITICAL - 2024-08-02 21:25:32 --> Call to undefined function get_country_list_all()
#0 C:\htdocs\student-management-system\app\Views\SchoolBackViews\admission-edit-application\ad-profile-editor-address-info.php(35): get_country_list()
#1 C:\htdocs\student-management-system\system\View\View.php(246): include('C:\\htdocs\\stude...')
#2 C:\htdocs\student-management-system\system\Common.php(1119): CodeIgniter\View\View->render('SchoolBackViews...', Array, false)
#3 C:\htdocs\student-management-system\app\Controllers\SchoolBack\Admission_edit_application.php(77): view('SchoolBackViews...', Array)
#4 C:\htdocs\student-management-system\system\CodeIgniter.php(918): App\Controllers\SchoolBack\Admission_edit_application->edit_admission_application()
#5 C:\htdocs\student-management-system\system\CodeIgniter.php(404): CodeIgniter\CodeIgniter->runController(Object(App\Controllers\SchoolBack\Admission_edit_application))
#6 C:\htdocs\student-management-system\system\CodeIgniter.php(312): CodeIgniter\CodeIgniter->handleRequest(NULL, Object(Config\Cache), false)
#7 C:\htdocs\student-management-system\public\index.php(45): CodeIgniter\CodeIgniter->run()
#8 {main}
CRITICAL - 2024-08-02 21:27:09 --> Call to undefined function get_country_list_all()
#0 C:\htdocs\student-management-system\app\Views\SchoolBackViews\admission-edit-application\ad-profile-editor-address-info.php(35): get_country_list()
#1 C:\htdocs\student-management-system\system\View\View.php(246): include('C:\\htdocs\\stude...')
#2 C:\htdocs\student-management-system\system\Common.php(1119): CodeIgniter\View\View->render('SchoolBackViews...', Array, false)
#3 C:\htdocs\student-management-system\app\Controllers\SchoolBack\Admission_edit_application.php(77): view('SchoolBackViews...', Array)
#4 C:\htdocs\student-management-system\system\CodeIgniter.php(918): App\Controllers\SchoolBack\Admission_edit_application->edit_admission_application()
#5 C:\htdocs\student-management-system\system\CodeIgniter.php(404): CodeIgniter\CodeIgniter->runController(Object(App\Controllers\SchoolBack\Admission_edit_application))
#6 C:\htdocs\student-management-system\system\CodeIgniter.php(312): CodeIgniter\CodeIgniter->handleRequest(NULL, Object(Config\Cache), false)
#7 C:\htdocs\student-management-system\public\index.php(45): CodeIgniter\CodeIgniter->run()
#8 {main}
CRITICAL - 2024-08-02 21:27:11 --> Call to undefined function get_country_list_all()
#0 C:\htdocs\student-management-system\app\Views\SchoolBackViews\admission-edit-application\ad-profile-editor-address-info.php(35): get_country_list()
#1 C:\htdocs\student-management-system\system\View\View.php(246): include('C:\\htdocs\\stude...')
#2 C:\htdocs\student-management-system\system\Common.php(1119): CodeIgniter\View\View->render('SchoolBackViews...', Array, false)
#3 C:\htdocs\student-management-system\app\Controllers\SchoolBack\Admission_edit_application.php(77): view('SchoolBackViews...', Array)
#4 C:\htdocs\student-management-system\system\CodeIgniter.php(918): App\Controllers\SchoolBack\Admission_edit_application->edit_admission_application()
#5 C:\htdocs\student-management-system\system\CodeIgniter.php(404): CodeIgniter\CodeIgniter->runController(Object(App\Controllers\SchoolBack\Admission_edit_application))
#6 C:\htdocs\student-management-system\system\CodeIgniter.php(312): CodeIgniter\CodeIgniter->handleRequest(NULL, Object(Config\Cache), false)
#7 C:\htdocs\student-management-system\public\index.php(45): CodeIgniter\CodeIgniter->run()
#8 {main}
CRITICAL - 2024-08-02 21:27:16 --> Call to undefined function get_country_list_all()
#0 C:\htdocs\student-management-system\app\Views\SchoolBackViews\admission-edit-application\ad-profile-editor-address-info.php(35): get_country_list()
#1 C:\htdocs\student-management-system\system\View\View.php(246): include('C:\\htdocs\\stude...')
#2 C:\htdocs\student-management-system\system\Common.php(1119): CodeIgniter\View\View->render('SchoolBackViews...', Array, false)
#3 C:\htdocs\student-management-system\app\Controllers\SchoolBack\Admission_edit_application.php(77): view('SchoolBackViews...', Array)
#4 C:\htdocs\student-management-system\system\CodeIgniter.php(918): App\Controllers\SchoolBack\Admission_edit_application->edit_admission_application()
#5 C:\htdocs\student-management-system\system\CodeIgniter.php(404): CodeIgniter\CodeIgniter->runController(Object(App\Controllers\SchoolBack\Admission_edit_application))
#6 C:\htdocs\student-management-system\system\CodeIgniter.php(312): CodeIgniter\CodeIgniter->handleRequest(NULL, Object(Config\Cache), false)
#7 C:\htdocs\student-management-system\public\index.php(45): CodeIgniter\CodeIgniter->run()
#8 {main}
CRITICAL - 2024-08-02 21:27:31 --> Call to undefined function get_country_list_all()
#0 C:\htdocs\student-management-system\app\Views\SchoolBackViews\admission-edit-application\ad-profile-editor-address-info.php(35): get_country_list()
#1 C:\htdocs\student-management-system\system\View\View.php(246): include('C:\\htdocs\\stude...')
#2 C:\htdocs\student-management-system\system\Common.php(1119): CodeIgniter\View\View->render('SchoolBackViews...', Array, false)
#3 C:\htdocs\student-management-system\app\Controllers\SchoolBack\Admission_edit_application.php(77): view('SchoolBackViews...', Array)
#4 C:\htdocs\student-management-system\system\CodeIgniter.php(918): App\Controllers\SchoolBack\Admission_edit_application->edit_admission_application()
#5 C:\htdocs\student-management-system\system\CodeIgniter.php(404): CodeIgniter\CodeIgniter->runController(Object(App\Controllers\SchoolBack\Admission_edit_application))
#6 C:\htdocs\student-management-system\system\CodeIgniter.php(312): CodeIgniter\CodeIgniter->handleRequest(NULL, Object(Config\Cache), false)
#7 C:\htdocs\student-management-system\public\index.php(45): CodeIgniter\CodeIgniter->run()
#8 {main}
CRITICAL - 2024-08-02 21:30:59 --> Call to undefined function App\Libraries\school_url()
#0 C:\htdocs\student-management-system\app\Controllers\User\Admission_pictures.php(18): App\Libraries\Users_thumb_upload_by_teacher_library->__construct(Object(CodeIgniter\HTTP\IncomingRequest), Object(CodeIgniter\HTTP\Response))
#1 C:\htdocs\student-management-system\system\CodeIgniter.php(918): App\Controllers\User\Admission_pictures->upload_student_thumb_by_teacher()
#2 C:\htdocs\student-management-system\system\CodeIgniter.php(404): CodeIgniter\CodeIgniter->runController(Object(App\Controllers\User\Admission_pictures))
#3 C:\htdocs\student-management-system\system\CodeIgniter.php(312): CodeIgniter\CodeIgniter->handleRequest(NULL, Object(Config\Cache), false)
#4 C:\htdocs\student-management-system\public\index.php(45): CodeIgniter\CodeIgniter->run()
#5 {main}
CRITICAL - 2024-08-02 21:30:59 --> Call to undefined function App\Libraries\school_url()
#0 C:\htdocs\student-management-system\app\Controllers\User\Admission_pictures.php(34): App\Libraries\Users_sign_upload_by_teacher_library->__construct(Object(CodeIgniter\HTTP\IncomingRequest), Object(CodeIgniter\HTTP\Response))
#1 C:\htdocs\student-management-system\system\CodeIgniter.php(918): App\Controllers\User\Admission_pictures->upload_student_sign_by_teacher()
#2 C:\htdocs\student-management-system\system\CodeIgniter.php(404): CodeIgniter\CodeIgniter->runController(Object(App\Controllers\User\Admission_pictures))
#3 C:\htdocs\student-management-system\system\CodeIgniter.php(312): CodeIgniter\CodeIgniter->handleRequest(NULL, Object(Config\Cache), false)
#4 C:\htdocs\student-management-system\public\index.php(45): CodeIgniter\CodeIgniter->run()
#5 {main}
CRITICAL - 2024-08-02 21:31:10 --> Call to undefined function App\Libraries\school_url()
#0 C:\htdocs\student-management-system\app\Controllers\User\Admission_pictures.php(18): App\Libraries\Users_thumb_upload_by_teacher_library->__construct(Object(CodeIgniter\HTTP\IncomingRequest), Object(CodeIgniter\HTTP\Response))
#1 C:\htdocs\student-management-system\system\CodeIgniter.php(918): App\Controllers\User\Admission_pictures->upload_student_thumb_by_teacher()
#2 C:\htdocs\student-management-system\system\CodeIgniter.php(404): CodeIgniter\CodeIgniter->runController(Object(App\Controllers\User\Admission_pictures))
#3 C:\htdocs\student-management-system\system\CodeIgniter.php(312): CodeIgniter\CodeIgniter->handleRequest(NULL, Object(Config\Cache), false)
#4 C:\htdocs\student-management-system\public\index.php(45): CodeIgniter\CodeIgniter->run()
#5 {main}
CRITICAL - 2024-08-02 21:31:22 --> Call to undefined function App\Libraries\school_url()
#0 C:\htdocs\student-management-system\app\Controllers\User\Admission_pictures.php(18): App\Libraries\Users_thumb_upload_by_teacher_library->__construct(Object(CodeIgniter\HTTP\IncomingRequest), Object(CodeIgniter\HTTP\Response))
#1 C:\htdocs\student-management-system\system\CodeIgniter.php(918): App\Controllers\User\Admission_pictures->upload_student_thumb_by_teacher()
#2 C:\htdocs\student-management-system\system\CodeIgniter.php(404): CodeIgniter\CodeIgniter->runController(Object(App\Controllers\User\Admission_pictures))
#3 C:\htdocs\student-management-system\system\CodeIgniter.php(312): CodeIgniter\CodeIgniter->handleRequest(NULL, Object(Config\Cache), false)
#4 C:\htdocs\student-management-system\public\index.php(45): CodeIgniter\CodeIgniter->run()
#5 {main}
CRITICAL - 2024-08-02 21:31:22 --> Call to undefined function App\Libraries\school_url()
#0 C:\htdocs\student-management-system\app\Controllers\User\Admission_pictures.php(18): App\Libraries\Users_thumb_upload_by_teacher_library->__construct(Object(CodeIgniter\HTTP\IncomingRequest), Object(CodeIgniter\HTTP\Response))
#1 C:\htdocs\student-management-system\system\CodeIgniter.php(918): App\Controllers\User\Admission_pictures->upload_student_thumb_by_teacher()
#2 C:\htdocs\student-management-system\system\CodeIgniter.php(404): CodeIgniter\CodeIgniter->runController(Object(App\Controllers\User\Admission_pictures))
#3 C:\htdocs\student-management-system\system\CodeIgniter.php(312): CodeIgniter\CodeIgniter->handleRequest(NULL, Object(Config\Cache), false)
#4 C:\htdocs\student-management-system\public\index.php(45): CodeIgniter\CodeIgniter->run()
#5 {main}
CRITICAL - 2024-08-02 21:31:35 --> Call to undefined function App\Libraries\school_url()
#0 C:\htdocs\student-management-system\app\Controllers\User\Admission_pictures.php(34): App\Libraries\Users_sign_upload_by_teacher_library->__construct(Object(CodeIgniter\HTTP\IncomingRequest), Object(CodeIgniter\HTTP\Response))
#1 C:\htdocs\student-management-system\system\CodeIgniter.php(918): App\Controllers\User\Admission_pictures->upload_student_sign_by_teacher()
#2 C:\htdocs\student-management-system\system\CodeIgniter.php(404): CodeIgniter\CodeIgniter->runController(Object(App\Controllers\User\Admission_pictures))
#3 C:\htdocs\student-management-system\system\CodeIgniter.php(312): CodeIgniter\CodeIgniter->handleRequest(NULL, Object(Config\Cache), false)
#4 C:\htdocs\student-management-system\public\index.php(45): CodeIgniter\CodeIgniter->run()
#5 {main}
CRITICAL - 2024-08-02 21:31:57 --> Can't find a route for 'assets/self-xss-attack-warn.js'.
#0 C:\htdocs\student-management-system\system\CodeIgniter.php(985): CodeIgniter\Exceptions\PageNotFoundException::forPageNotFound('Can't find a ro...')
#1 C:\htdocs\student-management-system\system\CodeIgniter.php(328): CodeIgniter\CodeIgniter->display404errors(Object(CodeIgniter\Exceptions\PageNotFoundException))
#2 C:\htdocs\student-management-system\public\index.php(45): CodeIgniter\CodeIgniter->run()
#3 {main}
CRITICAL - 2024-08-02 21:31:57 --> Can't find a route for 'assets/fonts/SolaimanLipi_20-04-07.ttf'.
#0 C:\htdocs\student-management-system\system\CodeIgniter.php(985): CodeIgniter\Exceptions\PageNotFoundException::forPageNotFound('Can't find a ro...')
#1 C:\htdocs\student-management-system\system\CodeIgniter.php(328): CodeIgniter\CodeIgniter->display404errors(Object(CodeIgniter\Exceptions\PageNotFoundException))
#2 C:\htdocs\student-management-system\public\index.php(45): CodeIgniter\CodeIgniter->run()
#3 {main}
CRITICAL - 2024-08-02 21:32:14 --> Can't find a route for 'assets/self-xss-attack-warn.js'.
#0 C:\htdocs\student-management-system\system\CodeIgniter.php(985): CodeIgniter\Exceptions\PageNotFoundException::forPageNotFound('Can't find a ro...')
#1 C:\htdocs\student-management-system\system\CodeIgniter.php(328): CodeIgniter\CodeIgniter->display404errors(Object(CodeIgniter\Exceptions\PageNotFoundException))
#2 C:\htdocs\student-management-system\public\index.php(45): CodeIgniter\CodeIgniter->run()
#3 {main}
CRITICAL - 2024-08-02 21:32:14 --> Can't find a route for 'assets/fonts/SolaimanLipi_20-04-07.ttf'.
#0 C:\htdocs\student-management-system\system\CodeIgniter.php(985): CodeIgniter\Exceptions\PageNotFoundException::forPageNotFound('Can't find a ro...')
#1 C:\htdocs\student-management-system\system\CodeIgniter.php(328): CodeIgniter\CodeIgniter->display404errors(Object(CodeIgniter\Exceptions\PageNotFoundException))
#2 C:\htdocs\student-management-system\public\index.php(45): CodeIgniter\CodeIgniter->run()
#3 {main}
CRITICAL - 2024-08-02 21:32:36 --> Can't find a route for 'assets/self-xss-attack-warn.js'.
#0 C:\htdocs\student-management-system\system\CodeIgniter.php(985): CodeIgniter\Exceptions\PageNotFoundException::forPageNotFound('Can't find a ro...')
#1 C:\htdocs\student-management-system\system\CodeIgniter.php(328): CodeIgniter\CodeIgniter->display404errors(Object(CodeIgniter\Exceptions\PageNotFoundException))
#2 C:\htdocs\student-management-system\public\index.php(45): CodeIgniter\CodeIgniter->run()
#3 {main}
CRITICAL - 2024-08-02 21:38:01 --> syntax error, unexpected 'echo' (T_ECHO)
#0 C:\htdocs\student-management-system\system\Common.php(1119): CodeIgniter\View\View->render('SchoolBackViews...', Array, false)
#1 C:\htdocs\student-management-system\app\Controllers\SchoolBack\Academic_exam_results.php(100): view('SchoolBackViews...', Array)
#2 C:\htdocs\student-management-system\system\CodeIgniter.php(918): App\Controllers\SchoolBack\Academic_exam_results->exam_results_publication()
#3 C:\htdocs\student-management-system\system\CodeIgniter.php(404): CodeIgniter\CodeIgniter->runController(Object(App\Controllers\SchoolBack\Academic_exam_results))
#4 C:\htdocs\student-management-system\system\CodeIgniter.php(312): CodeIgniter\CodeIgniter->handleRequest(NULL, Object(Config\Cache), false)
#5 C:\htdocs\student-management-system\public\index.php(45): CodeIgniter\CodeIgniter->run()
#6 {main}
CRITICAL - 2024-08-02 22:32:01 --> Can't find a route for 'assets/popper.min.js.map'.
#0 C:\htdocs\student-management-system\system\CodeIgniter.php(985): CodeIgniter\Exceptions\PageNotFoundException::forPageNotFound('Can't find a ro...')
#1 C:\htdocs\student-management-system\system\CodeIgniter.php(328): CodeIgniter\CodeIgniter->display404errors(Object(CodeIgniter\Exceptions\PageNotFoundException))
#2 C:\htdocs\student-management-system\public\index.php(45): CodeIgniter\CodeIgniter->run()
#3 {main}
CRITICAL - 2024-08-02 22:32:02 --> Can't find a route for 'assets/bs-custom-file-input.min.js.map'.
#0 C:\htdocs\student-management-system\system\CodeIgniter.php(985): CodeIgniter\Exceptions\PageNotFoundException::forPageNotFound('Can't find a ro...')
#1 C:\htdocs\student-management-system\system\CodeIgniter.php(328): CodeIgniter\CodeIgniter->display404errors(Object(CodeIgniter\Exceptions\PageNotFoundException))
#2 C:\htdocs\student-management-system\public\index.php(45): CodeIgniter\CodeIgniter->run()
#3 {main}
CRITICAL - 2024-08-02 22:36:22 --> Can't find a route for 'assets/popper.min.js.map'.
#0 C:\htdocs\student-management-system\system\CodeIgniter.php(985): CodeIgniter\Exceptions\PageNotFoundException::forPageNotFound('Can't find a ro...')
#1 C:\htdocs\student-management-system\system\CodeIgniter.php(328): CodeIgniter\CodeIgniter->display404errors(Object(CodeIgniter\Exceptions\PageNotFoundException))
#2 C:\htdocs\student-management-system\public\index.php(45): CodeIgniter\CodeIgniter->run()
#3 {main}
CRITICAL - 2024-08-02 22:36:22 --> Can't find a route for 'assets/bs-custom-file-input.min.js.map'.
#0 C:\htdocs\student-management-system\system\CodeIgniter.php(985): CodeIgniter\Exceptions\PageNotFoundException::forPageNotFound('Can't find a ro...')
#1 C:\htdocs\student-management-system\system\CodeIgniter.php(328): CodeIgniter\CodeIgniter->display404errors(Object(CodeIgniter\Exceptions\PageNotFoundException))
#2 C:\htdocs\student-management-system\public\index.php(45): CodeIgniter\CodeIgniter->run()
#3 {main}
CRITICAL - 2024-08-02 22:36:48 --> Can't find a route for 'assets/popper.min.js.map'.
#0 C:\htdocs\student-management-system\system\CodeIgniter.php(985): CodeIgniter\Exceptions\PageNotFoundException::forPageNotFound('Can't find a ro...')
#1 C:\htdocs\student-management-system\system\CodeIgniter.php(328): CodeIgniter\CodeIgniter->display404errors(Object(CodeIgniter\Exceptions\PageNotFoundException))
#2 C:\htdocs\student-management-system\public\index.php(45): CodeIgniter\CodeIgniter->run()
#3 {main}
CRITICAL - 2024-08-02 22:36:48 --> Can't find a route for 'assets/bs-custom-file-input.min.js.map'.
#0 C:\htdocs\student-management-system\system\CodeIgniter.php(985): CodeIgniter\Exceptions\PageNotFoundException::forPageNotFound('Can't find a ro...')
#1 C:\htdocs\student-management-system\system\CodeIgniter.php(328): CodeIgniter\CodeIgniter->display404errors(Object(CodeIgniter\Exceptions\PageNotFoundException))
#2 C:\htdocs\student-management-system\public\index.php(45): CodeIgniter\CodeIgniter->run()
#3 {main}
CRITICAL - 2024-08-02 22:37:10 --> Can't find a route for 'assets/popper.min.js.map'.
#0 C:\htdocs\student-management-system\system\CodeIgniter.php(985): CodeIgniter\Exceptions\PageNotFoundException::forPageNotFound('Can't find a ro...')
#1 C:\htdocs\student-management-system\system\CodeIgniter.php(328): CodeIgniter\CodeIgniter->display404errors(Object(CodeIgniter\Exceptions\PageNotFoundException))
#2 C:\htdocs\student-management-system\public\index.php(45): CodeIgniter\CodeIgniter->run()
#3 {main}
CRITICAL - 2024-08-02 22:37:10 --> Can't find a route for 'assets/bs-custom-file-input.min.js.map'.
#0 C:\htdocs\student-management-system\system\CodeIgniter.php(985): CodeIgniter\Exceptions\PageNotFoundException::forPageNotFound('Can't find a ro...')
#1 C:\htdocs\student-management-system\system\CodeIgniter.php(328): CodeIgniter\CodeIgniter->display404errors(Object(CodeIgniter\Exceptions\PageNotFoundException))
#2 C:\htdocs\student-management-system\public\index.php(45): CodeIgniter\CodeIgniter->run()
#3 {main}
CRITICAL - 2024-08-02 22:37:23 --> Can't find a route for 'assets/popper.min.js.map'.
#0 C:\htdocs\student-management-system\system\CodeIgniter.php(985): CodeIgniter\Exceptions\PageNotFoundException::forPageNotFound('Can't find a ro...')
#1 C:\htdocs\student-management-system\system\CodeIgniter.php(328): CodeIgniter\CodeIgniter->display404errors(Object(CodeIgniter\Exceptions\PageNotFoundException))
#2 C:\htdocs\student-management-system\public\index.php(45): CodeIgniter\CodeIgniter->run()
#3 {main}
CRITICAL - 2024-08-02 22:37:23 --> Can't find a route for 'assets/bs-custom-file-input.min.js.map'.
#0 C:\htdocs\student-management-system\system\CodeIgniter.php(985): CodeIgniter\Exceptions\PageNotFoundException::forPageNotFound('Can't find a ro...')
#1 C:\htdocs\student-management-system\system\CodeIgniter.php(328): CodeIgniter\CodeIgniter->display404errors(Object(CodeIgniter\Exceptions\PageNotFoundException))
#2 C:\htdocs\student-management-system\public\index.php(45): CodeIgniter\CodeIgniter->run()
#3 {main}
CRITICAL - 2024-08-02 22:37:31 --> Can't find a route for 'assets/popper.min.js.map'.
#0 C:\htdocs\student-management-system\system\CodeIgniter.php(985): CodeIgniter\Exceptions\PageNotFoundException::forPageNotFound('Can't find a ro...')
#1 C:\htdocs\student-management-system\system\CodeIgniter.php(328): CodeIgniter\CodeIgniter->display404errors(Object(CodeIgniter\Exceptions\PageNotFoundException))
#2 C:\htdocs\student-management-system\public\index.php(45): CodeIgniter\CodeIgniter->run()
#3 {main}
CRITICAL - 2024-08-02 22:37:32 --> Can't find a route for 'assets/bs-custom-file-input.min.js.map'.
#0 C:\htdocs\student-management-system\system\CodeIgniter.php(985): CodeIgniter\Exceptions\PageNotFoundException::forPageNotFound('Can't find a ro...')
#1 C:\htdocs\student-management-system\system\CodeIgniter.php(328): CodeIgniter\CodeIgniter->display404errors(Object(CodeIgniter\Exceptions\PageNotFoundException))
#2 C:\htdocs\student-management-system\public\index.php(45): CodeIgniter\CodeIgniter->run()
#3 {main}
CRITICAL - 2024-08-02 22:37:37 --> Can't find a route for 'assets/popper.min.js.map'.
#0 C:\htdocs\student-management-system\system\CodeIgniter.php(985): CodeIgniter\Exceptions\PageNotFoundException::forPageNotFound('Can't find a ro...')
#1 C:\htdocs\student-management-system\system\CodeIgniter.php(328): CodeIgniter\CodeIgniter->display404errors(Object(CodeIgniter\Exceptions\PageNotFoundException))
#2 C:\htdocs\student-management-system\public\index.php(45): CodeIgniter\CodeIgniter->run()
#3 {main}
CRITICAL - 2024-08-02 22:37:37 --> Can't find a route for 'assets/bs-custom-file-input.min.js.map'.
#0 C:\htdocs\student-management-system\system\CodeIgniter.php(985): CodeIgniter\Exceptions\PageNotFoundException::forPageNotFound('Can't find a ro...')
#1 C:\htdocs\student-management-system\system\CodeIgniter.php(328): CodeIgniter\CodeIgniter->display404errors(Object(CodeIgniter\Exceptions\PageNotFoundException))
#2 C:\htdocs\student-management-system\public\index.php(45): CodeIgniter\CodeIgniter->run()
#3 {main}
CRITICAL - 2024-08-02 22:37:47 --> Can't find a route for 'assets/bs-custom-file-input.min.js.map'.
#0 C:\htdocs\student-management-system\system\CodeIgniter.php(985): CodeIgniter\Exceptions\PageNotFoundException::forPageNotFound('Can't find a ro...')
#1 C:\htdocs\student-management-system\system\CodeIgniter.php(328): CodeIgniter\CodeIgniter->display404errors(Object(CodeIgniter\Exceptions\PageNotFoundException))
#2 C:\htdocs\student-management-system\public\index.php(45): CodeIgniter\CodeIgniter->run()
#3 {main}
CRITICAL - 2024-08-02 22:37:47 --> Can't find a route for 'assets/popper.min.js.map'.
#0 C:\htdocs\student-management-system\system\CodeIgniter.php(985): CodeIgniter\Exceptions\PageNotFoundException::forPageNotFound('Can't find a ro...')
#1 C:\htdocs\student-management-system\system\CodeIgniter.php(328): CodeIgniter\CodeIgniter->display404errors(Object(CodeIgniter\Exceptions\PageNotFoundException))
#2 C:\htdocs\student-management-system\public\index.php(45): CodeIgniter\CodeIgniter->run()
#3 {main}
CRITICAL - 2024-08-02 22:37:53 --> Can't find a route for 'assets/popper.min.js.map'.
#0 C:\htdocs\student-management-system\system\CodeIgniter.php(985): CodeIgniter\Exceptions\PageNotFoundException::forPageNotFound('Can't find a ro...')
#1 C:\htdocs\student-management-system\system\CodeIgniter.php(328): CodeIgniter\CodeIgniter->display404errors(Object(CodeIgniter\Exceptions\PageNotFoundException))
#2 C:\htdocs\student-management-system\public\index.php(45): CodeIgniter\CodeIgniter->run()
#3 {main}
CRITICAL - 2024-08-02 22:37:53 --> Can't find a route for 'assets/bs-custom-file-input.min.js.map'.
#0 C:\htdocs\student-management-system\system\CodeIgniter.php(985): CodeIgniter\Exceptions\PageNotFoundException::forPageNotFound('Can't find a ro...')
#1 C:\htdocs\student-management-system\system\CodeIgniter.php(328): CodeIgniter\CodeIgniter->display404errors(Object(CodeIgniter\Exceptions\PageNotFoundException))
#2 C:\htdocs\student-management-system\public\index.php(45): CodeIgniter\CodeIgniter->run()
#3 {main}
CRITICAL - 2024-08-02 22:37:58 --> Can't find a route for 'assets/popper.min.js.map'.
#0 C:\htdocs\student-management-system\system\CodeIgniter.php(985): CodeIgniter\Exceptions\PageNotFoundException::forPageNotFound('Can't find a ro...')
#1 C:\htdocs\student-management-system\system\CodeIgniter.php(328): CodeIgniter\CodeIgniter->display404errors(Object(CodeIgniter\Exceptions\PageNotFoundException))
#2 C:\htdocs\student-management-system\public\index.php(45): CodeIgniter\CodeIgniter->run()
#3 {main}
CRITICAL - 2024-08-02 22:37:58 --> Can't find a route for 'assets/bs-custom-file-input.min.js.map'.
#0 C:\htdocs\student-management-system\system\CodeIgniter.php(985): CodeIgniter\Exceptions\PageNotFoundException::forPageNotFound('Can't find a ro...')
#1 C:\htdocs\student-management-system\system\CodeIgniter.php(328): CodeIgniter\CodeIgniter->display404errors(Object(CodeIgniter\Exceptions\PageNotFoundException))
#2 C:\htdocs\student-management-system\public\index.php(45): CodeIgniter\CodeIgniter->run()
#3 {main}
CRITICAL - 2024-08-02 22:38:04 --> Can't find a route for 'assets/popper.min.js.map'.
#0 C:\htdocs\student-management-system\system\CodeIgniter.php(985): CodeIgniter\Exceptions\PageNotFoundException::forPageNotFound('Can't find a ro...')
#1 C:\htdocs\student-management-system\system\CodeIgniter.php(328): CodeIgniter\CodeIgniter->display404errors(Object(CodeIgniter\Exceptions\PageNotFoundException))
#2 C:\htdocs\student-management-system\public\index.php(45): CodeIgniter\CodeIgniter->run()
#3 {main}
CRITICAL - 2024-08-02 22:38:04 --> Call to undefined function App\Libraries\school_url()
#0 C:\htdocs\student-management-system\app\Controllers\User\Admission_pictures.php(18): App\Libraries\Users_thumb_upload_by_teacher_library->__construct(Object(CodeIgniter\HTTP\IncomingRequest), Object(CodeIgniter\HTTP\Response))
#1 C:\htdocs\student-management-system\system\CodeIgniter.php(918): App\Controllers\User\Admission_pictures->upload_student_thumb_by_teacher()
#2 C:\htdocs\student-management-system\system\CodeIgniter.php(404): CodeIgniter\CodeIgniter->runController(Object(App\Controllers\User\Admission_pictures))
#3 C:\htdocs\student-management-system\system\CodeIgniter.php(312): CodeIgniter\CodeIgniter->handleRequest(NULL, Object(Config\Cache), false)
#4 C:\htdocs\student-management-system\public\index.php(45): CodeIgniter\CodeIgniter->run()
#5 {main}
CRITICAL - 2024-08-02 22:38:04 --> Call to undefined function App\Libraries\school_url()
#0 C:\htdocs\student-management-system\app\Controllers\User\Admission_pictures.php(34): App\Libraries\Users_sign_upload_by_teacher_library->__construct(Object(CodeIgniter\HTTP\IncomingRequest), Object(CodeIgniter\HTTP\Response))
#1 C:\htdocs\student-management-system\system\CodeIgniter.php(918): App\Controllers\User\Admission_pictures->upload_student_sign_by_teacher()
#2 C:\htdocs\student-management-system\system\CodeIgniter.php(404): CodeIgniter\CodeIgniter->runController(Object(App\Controllers\User\Admission_pictures))
#3 C:\htdocs\student-management-system\system\CodeIgniter.php(312): CodeIgniter\CodeIgniter->handleRequest(NULL, Object(Config\Cache), false)
#4 C:\htdocs\student-management-system\public\index.php(45): CodeIgniter\CodeIgniter->run()
#5 {main}
CRITICAL - 2024-08-02 22:38:04 --> Can't find a route for 'assets/bs-custom-file-input.min.js.map'.
#0 C:\htdocs\student-management-system\system\CodeIgniter.php(985): CodeIgniter\Exceptions\PageNotFoundException::forPageNotFound('Can't find a ro...')
#1 C:\htdocs\student-management-system\system\CodeIgniter.php(328): CodeIgniter\CodeIgniter->display404errors(Object(CodeIgniter\Exceptions\PageNotFoundException))
#2 C:\htdocs\student-management-system\public\index.php(45): CodeIgniter\CodeIgniter->run()
#3 {main}
CRITICAL - 2024-08-02 22:38:07 --> Can't find a route for 'assets/popper.min.js.map'.
#0 C:\htdocs\student-management-system\system\CodeIgniter.php(985): CodeIgniter\Exceptions\PageNotFoundException::forPageNotFound('Can't find a ro...')
#1 C:\htdocs\student-management-system\system\CodeIgniter.php(328): CodeIgniter\CodeIgniter->display404errors(Object(CodeIgniter\Exceptions\PageNotFoundException))
#2 C:\htdocs\student-management-system\public\index.php(45): CodeIgniter\CodeIgniter->run()
#3 {main}
CRITICAL - 2024-08-02 22:38:07 --> Can't find a route for 'assets/bs-custom-file-input.min.js.map'.
#0 C:\htdocs\student-management-system\system\CodeIgniter.php(985): CodeIgniter\Exceptions\PageNotFoundException::forPageNotFound('Can't find a ro...')
#1 C:\htdocs\student-management-system\system\CodeIgniter.php(328): CodeIgniter\CodeIgniter->display404errors(Object(CodeIgniter\Exceptions\PageNotFoundException))
#2 C:\htdocs\student-management-system\public\index.php(45): CodeIgniter\CodeIgniter->run()
#3 {main}
CRITICAL - 2024-08-02 22:43:39 --> Can't find a route for 'assets/popper.min.js.map'.
#0 C:\htdocs\student-management-system\system\CodeIgniter.php(985): CodeIgniter\Exceptions\PageNotFoundException::forPageNotFound('Can't find a ro...')
#1 C:\htdocs\student-management-system\system\CodeIgniter.php(328): CodeIgniter\CodeIgniter->display404errors(Object(CodeIgniter\Exceptions\PageNotFoundException))
#2 C:\htdocs\student-management-system\public\index.php(45): CodeIgniter\CodeIgniter->run()
#3 {main}
CRITICAL - 2024-08-02 22:43:39 --> Can't find a route for 'assets/bs-custom-file-input.min.js.map'.
#0 C:\htdocs\student-management-system\system\CodeIgniter.php(985): CodeIgniter\Exceptions\PageNotFoundException::forPageNotFound('Can't find a ro...')
#1 C:\htdocs\student-management-system\system\CodeIgniter.php(328): CodeIgniter\CodeIgniter->display404errors(Object(CodeIgniter\Exceptions\PageNotFoundException))
#2 C:\htdocs\student-management-system\public\index.php(45): CodeIgniter\CodeIgniter->run()
#3 {main}
CRITICAL - 2024-08-02 22:44:10 --> Can't find a route for 'assets/bs-custom-file-input.min.js.map'.
#0 C:\htdocs\student-management-system\system\CodeIgniter.php(985): CodeIgniter\Exceptions\PageNotFoundException::forPageNotFound('Can't find a ro...')
#1 C:\htdocs\student-management-system\system\CodeIgniter.php(328): CodeIgniter\CodeIgniter->display404errors(Object(CodeIgniter\Exceptions\PageNotFoundException))
#2 C:\htdocs\student-management-system\public\index.php(45): CodeIgniter\CodeIgniter->run()
#3 {main}
CRITICAL - 2024-08-02 22:44:10 --> Can't find a route for 'assets/popper.min.js.map'.
#0 C:\htdocs\student-management-system\system\CodeIgniter.php(985): CodeIgniter\Exceptions\PageNotFoundException::forPageNotFound('Can't find a ro...')
#1 C:\htdocs\student-management-system\system\CodeIgniter.php(328): CodeIgniter\CodeIgniter->display404errors(Object(CodeIgniter\Exceptions\PageNotFoundException))
#2 C:\htdocs\student-management-system\public\index.php(45): CodeIgniter\CodeIgniter->run()
#3 {main}
CRITICAL - 2024-08-02 22:44:32 --> Can't find a route for 'assets/popper.min.js.map'.
#0 C:\htdocs\student-management-system\system\CodeIgniter.php(985): CodeIgniter\Exceptions\PageNotFoundException::forPageNotFound('Can't find a ro...')
#1 C:\htdocs\student-management-system\system\CodeIgniter.php(328): CodeIgniter\CodeIgniter->display404errors(Object(CodeIgniter\Exceptions\PageNotFoundException))
#2 C:\htdocs\student-management-system\public\index.php(45): CodeIgniter\CodeIgniter->run()
#3 {main}
CRITICAL - 2024-08-02 22:44:32 --> Can't find a route for 'assets/bs-custom-file-input.min.js.map'.
#0 C:\htdocs\student-management-system\system\CodeIgniter.php(985): CodeIgniter\Exceptions\PageNotFoundException::forPageNotFound('Can't find a ro...')
#1 C:\htdocs\student-management-system\system\CodeIgniter.php(328): CodeIgniter\CodeIgniter->display404errors(Object(CodeIgniter\Exceptions\PageNotFoundException))
#2 C:\htdocs\student-management-system\public\index.php(45): CodeIgniter\CodeIgniter->run()
#3 {main}
CRITICAL - 2024-08-02 22:45:40 --> Can't find a route for 'assets/popper.min.js.map'.
#0 C:\htdocs\student-management-system\system\CodeIgniter.php(985): CodeIgniter\Exceptions\PageNotFoundException::forPageNotFound('Can't find a ro...')
#1 C:\htdocs\student-management-system\system\CodeIgniter.php(328): CodeIgniter\CodeIgniter->display404errors(Object(CodeIgniter\Exceptions\PageNotFoundException))
#2 C:\htdocs\student-management-system\public\index.php(45): CodeIgniter\CodeIgniter->run()
#3 {main}
CRITICAL - 2024-08-02 22:45:40 --> Can't find a route for 'assets/bs-custom-file-input.min.js.map'.
#0 C:\htdocs\student-management-system\system\CodeIgniter.php(985): CodeIgniter\Exceptions\PageNotFoundException::forPageNotFound('Can't find a ro...')
#1 C:\htdocs\student-management-system\system\CodeIgniter.php(328): CodeIgniter\CodeIgniter->display404errors(Object(CodeIgniter\Exceptions\PageNotFoundException))
#2 C:\htdocs\student-management-system\public\index.php(45): CodeIgniter\CodeIgniter->run()
#3 {main}
CRITICAL - 2024-08-02 22:45:49 --> Can't find a route for 'assets/popper.min.js.map'.
#0 C:\htdocs\student-management-system\system\CodeIgniter.php(985): CodeIgniter\Exceptions\PageNotFoundException::forPageNotFound('Can't find a ro...')
#1 C:\htdocs\student-management-system\system\CodeIgniter.php(328): CodeIgniter\CodeIgniter->display404errors(Object(CodeIgniter\Exceptions\PageNotFoundException))
#2 C:\htdocs\student-management-system\public\index.php(45): CodeIgniter\CodeIgniter->run()
#3 {main}
CRITICAL - 2024-08-02 22:45:49 --> Can't find a route for 'assets/bs-custom-file-input.min.js.map'.
#0 C:\htdocs\student-management-system\system\CodeIgniter.php(985): CodeIgniter\Exceptions\PageNotFoundException::forPageNotFound('Can't find a ro...')
#1 C:\htdocs\student-management-system\system\CodeIgniter.php(328): CodeIgniter\CodeIgniter->display404errors(Object(CodeIgniter\Exceptions\PageNotFoundException))
#2 C:\htdocs\student-management-system\public\index.php(45): CodeIgniter\CodeIgniter->run()
#3 {main}
